-------------------------------------------------------------------------------
Test set: com.hemlata.demo.RegLoginMailHemlataApplicationTests
-------------------------------------------------------------------------------
Tests run: 1, Failures: 0, Errors: 1, Skipped: 0, Time elapsed: 0.893 s <<< FAILURE! - in com.hemlata.demo.RegLoginMailHemlataApplicationTests
com.hemlata.demo.RegLoginMailHemlataApplicationTests  Time elapsed: 0.874 s  <<< ERROR!
java.lang.IllegalStateException: Unable to find a @SpringBootConfiguration, you need to use @ContextConfiguration or @SpringBootTest(classes=...) with your test

